0011000000000101
0011000100000011
0011001000000001
0011001100000100
0011010000000110
0011010100001010
0011011000001011
0011011100010101
0011100000000011
0011100100011001
0011101000000011
0011101100000100
0011110000000011
0011110100000101
0011111000001011
0011111100010110
0111101010010000
0100101010010000
0111101010010000
0100101010010000
0111101110000000
0100101111010000
0111110111100000
0100110111110000
0111111011110000
0101111011010000
0111100011110000
0100100011100000
0111110011010000
0100110011000000
0111111111110000
0100111111110000
0111010001010000
0100010001100000
0111010101100000
0101010101110000
0111011110010000
0100011110010000
0111100101000000
0101100101110000
0111000000010000
0100000000110000
0111001100010000
0101001100100000
0111000000100000
0100000000100000
0111000100000000
0101000100000000
0111000000010000
0100000000110000
0111010001010000
0100010001100000
0111010101100000
0101010101110000
0111011110010000
0100011110010000
0111100101000000
0101100101110000
0111000000010000
0100000000110000
0111001100010000
0101001100100000
0111000000100000
0100000000100000
0111000100000000
0101000100000000
0111001000110000
0100001000100000
0111101110000000
0100101111010000
0111110111100000
0100110111110000
0111111011110000
0101111011010000
0111100000100000
0100100011100000
0111110011010000
0100110011000000
0111111111110000
0100111100110000
0111010001010000
0100010001100000
0111010101100000
0101010101110000
0111011110010000
0100011110010000
0111100101000000
0101100101110000
0111000000010000
0100000000110000
0111001100010000
0101001100100000
0111000000100000
0100000000100000
0111000100000000
0101000100000000
0111000000010000
0100000000110000
0111010001010000
0100010001100000
0111010101100000
0101010101110000
0111011110010000
0100011110010000
0111100101000000
0101100101110000
0111000000010000
0100000000110000
0111001100010000
0101001100100000
0111000000100000
0100000000100000
0111000100000000
0101000100000000
0111001000110000
0100001000100000
0111000000010000
0101000000110000
0111000100000000
0101000100000000
0111001000110000
0100001000100000
0111000000010000
0100000000110000
